../output/Debug/MySelect.pdb
D:\Zoyee\ZoyeePro\ZoyeePro1.0\MySelect\obj\Debug\MySelect\cl.command.1.tlog
D:\Zoyee\ZoyeePro\ZoyeePro1.0\MySelect\obj\Debug\MySelect\CL.read.1.tlog
D:\Zoyee\ZoyeePro\ZoyeePro1.0\MySelect\obj\Debug\MySelect\CL.write.1.tlog
D:\Zoyee\ZoyeePro\ZoyeePro1.0\MySelect\obj\Debug\MySelect\link.14152.read.1.tlog
D:\Zoyee\ZoyeePro\ZoyeePro1.0\MySelect\obj\Debug\MySelect\link.14152.write.1.tlog
D:\Zoyee\ZoyeePro\ZoyeePro1.0\MySelect\obj\Debug\MySelect\link.14152-cvtres.read.1.tlog
D:\Zoyee\ZoyeePro\ZoyeePro1.0\MySelect\obj\Debug\MySelect\link.14152-cvtres.write.1.tlog
D:\Zoyee\ZoyeePro\ZoyeePro1.0\MySelect\obj\Debug\MySelect\link.8432.read.1.tlog
D:\Zoyee\ZoyeePro\ZoyeePro1.0\MySelect\obj\Debug\MySelect\link.8432.write.1.tlog
D:\Zoyee\ZoyeePro\ZoyeePro1.0\MySelect\obj\Debug\MySelect\link.8432-cvtres.read.1.tlog
D:\Zoyee\ZoyeePro\ZoyeePro1.0\MySelect\obj\Debug\MySelect\link.8432-cvtres.write.1.tlog
D:\Zoyee\ZoyeePro\ZoyeePro1.0\MySelect\obj\Debug\MySelect\link.9400.read.1.tlog
D:\Zoyee\ZoyeePro\ZoyeePro1.0\MySelect\obj\Debug\MySelect\link.9400.write.1.tlog
D:\Zoyee\ZoyeePro\ZoyeePro1.0\MySelect\obj\Debug\MySelect\link.9400-cvtres.read.1.tlog
D:\Zoyee\ZoyeePro\ZoyeePro1.0\MySelect\obj\Debug\MySelect\link.9400-cvtres.write.1.tlog
D:\Zoyee\ZoyeePro\ZoyeePro1.0\MySelect\obj\Debug\MySelect\link.9688.read.1.tlog
D:\Zoyee\ZoyeePro\ZoyeePro1.0\MySelect\obj\Debug\MySelect\link.9688.write.1.tlog
D:\Zoyee\ZoyeePro\ZoyeePro1.0\MySelect\obj\Debug\MySelect\link.9688-cvtres.read.1.tlog
D:\Zoyee\ZoyeePro\ZoyeePro1.0\MySelect\obj\Debug\MySelect\link.9688-cvtres.write.1.tlog
D:\Zoyee\ZoyeePro\ZoyeePro1.0\MySelect\obj\Debug\MySelect\link.command.1.tlog
D:\Zoyee\ZoyeePro\ZoyeePro1.0\MySelect\obj\Debug\MySelect\link.read.1.tlog
D:\Zoyee\ZoyeePro\ZoyeePro1.0\MySelect\obj\Debug\MySelect\link.write.1.tlog
D:\Zoyee\ZoyeePro\ZoyeePro1.0\MySelect\obj\Debug\MySelect\link-cvtres.read.1.tlog
D:\Zoyee\ZoyeePro\ZoyeePro1.0\MySelect\obj\Debug\MySelect\link-cvtres.write.1.tlog
D:\Zoyee\ZoyeePro\ZoyeePro1.0\MySelect\obj\Debug\MySelect\mt.command.1.tlog
D:\Zoyee\ZoyeePro\ZoyeePro1.0\MySelect\obj\Debug\MySelect\mt.read.1.tlog
D:\Zoyee\ZoyeePro\ZoyeePro1.0\MySelect\obj\Debug\MySelect\mt.write.1.tlog
D:\ZOYEE\ZOYEEPRO\ZOYEEPRO1.0\MYSELECT\OBJ\DEBUG\MYSELECT\MYSELECT.EXE.EMBED.MANIFEST
D:\ZOYEE\ZOYEEPRO\ZOYEEPRO1.0\MYSELECT\OBJ\DEBUG\MYSELECT\MYSELECT.EXE.EMBED.MANIFEST.RES
D:\Zoyee\ZoyeePro\ZoyeePro1.0\MySelect\obj\Debug\MySelect\MySelect.exe.intermediate.manifest
D:\Zoyee\ZoyeePro\ZoyeePro1.0\MySelect\obj\Debug\MySelect\MySelect_manifest.rc
D:\Zoyee\ZoyeePro\ZoyeePro1.0\MySelect\obj\Debug\MySelect\rc.command.1.tlog
D:\Zoyee\ZoyeePro\ZoyeePro1.0\MySelect\obj\Debug\MySelect\rc.read.1.tlog
D:\Zoyee\ZoyeePro\ZoyeePro1.0\MySelect\obj\Debug\MySelect\rc.write.1.tlog
D:\ZOYEE\ZOYEEPRO\ZOYEEPRO1.0\MYSELECT\OBJ\DEBUG\MYSELECT\SELECT_MAIN.OBJ
D:\Zoyee\ZoyeePro\ZoyeePro1.0\MySelect\obj\Debug\MySelect\vc100.idb
D:\ZOYEE\ZOYEEPRO\ZOYEEPRO1.0\MYSELECT\OBJ\DEBUG\MYSELECT\VC100.PDB
