生成启动时间为 2016/2/1 15:47:25。
     1>项目“D:\Zoyee\ZoyeePro\ZoyeePro1.0\MySelect\MySelect\MySelect.vcxproj”在节点 3 上(build 个目标)。
     1>C:\Program Files (x86)\MSBuild\Microsoft.Cpp\v4.0\Microsoft.CppBuild.targets(298,5): warning MSB8004: Intermediate 目录未以斜杠结尾。此生成实例将添加斜杠，因为必须有这个斜杠才能正确计算 Intermediate 目录。
     1>InitializeBuildStatus:
         正在创建“..\obj\Debug\MySelect\MySelect.unsuccessfulbuild”，因为已指定“AlwaysCreate”。
       ClCompile:
         D:\Program Files (x86)\Microsoft Visual Studio 10.0\VC\bin\CL.exe /c /ZI /nologo /W3 /WX- /Od /Oy- /D WIN32 /D _DEBUG /D _CONSOLE /D _UNICODE /D UNICODE /Gm /EHsc /RTC1 /MDd /GS /fp:precise /Zc:wchar_t /Zc:forScope /Fo"..\obj\Debug\MySelect\\" /Fd"..\obj\Debug\MySelect\vc100.pdb" /Gd /TP /analyze- /errorReport:prompt select_Main.cpp
         select_Main.cpp
       ManifestResourceCompile:
         所有输出均为最新。
       Link:
         D:\Program Files (x86)\Microsoft Visual Studio 10.0\VC\bin\link.exe /ERRORREPORT:PROMPT /OUT:"../output/Debug/MySelect.exe" /INCREMENTAL /NOLOGO kernel32.lib user32.lib gdi32.lib winspool.lib comdlg32.lib advapi32.lib shell32.lib ole32.lib oleaut32.lib uuid.lib odbc32.lib odbccp32.lib /MANIFEST /ManifestFile:"..\obj\Debug\MySelect\MySelect.exe.intermediate.manifest" /MANIFESTUAC:"level='asInvoker' uiAccess='false'" /DEBUG /PDB:"D:\Zoyee\ZoyeePro\ZoyeePro1.0\MySelect\output\Debug\MySelect.pdb" /SUBSYSTEM:CONSOLE /TLBID:1 /DYNAMICBASE /NXCOMPAT /IMPLIB:"../output/Debug/MySelect.lib" /MACHINE:X86 ..\obj\Debug\MySelect\MySelect.exe.embed.manifest.res
         ..\obj\Debug\MySelect\select_Main.obj
       Manifest:
         c:\Program Files (x86)\Microsoft SDKs\Windows\v7.0A\bin\mt.exe /nologo /verbose /out:"..\obj\Debug\MySelect\MySelect.exe.embed.manifest" /manifest ..\obj\Debug\MySelect\MySelect.exe.intermediate.manifest
         所有输出均为最新。
       LinkEmbedManifest:
         所有输出均为最新。
         MySelect.vcxproj -> D:\Zoyee\ZoyeePro\ZoyeePro1.0\MySelect\MySelect\../output/Debug/MySelect.exe
       FinalizeBuildStatus:
         正在删除文件“..\obj\Debug\MySelect\MySelect.unsuccessfulbuild”。
         正在对“..\obj\Debug\MySelect\MySelect.lastbuildstate”执行 Touch 任务。
     1>已完成生成项目“D:\Zoyee\ZoyeePro\ZoyeePro1.0\MySelect\MySelect\MySelect.vcxproj”(build 个目标)的操作。

生成成功。

已用时间 00:00:01.29
