../output/Debug/BetterSelect.pdb
D:\ZOYEE\ZOYEEPRO\ZOYEEPRO1.0\MYSELECT\OBJ\DEBUG\BETTERSELECT\BETTERSELECT.DLL.EMBED.MANIFEST
D:\ZOYEE\ZOYEEPRO\ZOYEEPRO1.0\MYSELECT\OBJ\DEBUG\BETTERSELECT\BETTERSELECT.DLL.EMBED.MANIFEST.RES
D:\Zoyee\ZoyeePro\ZoyeePro1.0\MySelect\obj\Debug\BetterSelect\BetterSelect.dll.intermediate.manifest
D:\ZOYEE\ZOYEEPRO\ZOYEEPRO1.0\MYSELECT\OBJ\DEBUG\BETTERSELECT\BETTERSELECT.OBJ
D:\ZOYEE\ZOYEEPRO\ZOYEEPRO1.0\MYSELECT\OBJ\DEBUG\BETTERSELECT\BETTERSELECT.PCH
D:\Zoyee\ZoyeePro\ZoyeePro1.0\MySelect\obj\Debug\BetterSelect\BetterSelect.write.1.tlog
D:\Zoyee\ZoyeePro\ZoyeePro1.0\MySelect\obj\Debug\BetterSelect\BetterSelect_manifest.rc
D:\Zoyee\ZoyeePro\ZoyeePro1.0\MySelect\obj\Debug\BetterSelect\cl.command.1.tlog
D:\Zoyee\ZoyeePro\ZoyeePro1.0\MySelect\obj\Debug\BetterSelect\CL.read.1.tlog
D:\Zoyee\ZoyeePro\ZoyeePro1.0\MySelect\obj\Debug\BetterSelect\CL.write.1.tlog
D:\ZOYEE\ZOYEEPRO\ZOYEEPRO1.0\MYSELECT\OBJ\DEBUG\BETTERSELECT\DLLMAIN.OBJ
D:\Zoyee\ZoyeePro\ZoyeePro1.0\MySelect\obj\Debug\BetterSelect\link.11052.read.1.tlog
D:\Zoyee\ZoyeePro\ZoyeePro1.0\MySelect\obj\Debug\BetterSelect\link.11052.write.1.tlog
D:\Zoyee\ZoyeePro\ZoyeePro1.0\MySelect\obj\Debug\BetterSelect\link.7996.read.1.tlog
D:\Zoyee\ZoyeePro\ZoyeePro1.0\MySelect\obj\Debug\BetterSelect\link.7996.write.1.tlog
D:\Zoyee\ZoyeePro\ZoyeePro1.0\MySelect\obj\Debug\BetterSelect\link.command.1.tlog
D:\Zoyee\ZoyeePro\ZoyeePro1.0\MySelect\obj\Debug\BetterSelect\link.read.1.tlog
D:\Zoyee\ZoyeePro\ZoyeePro1.0\MySelect\obj\Debug\BetterSelect\link.write.1.tlog
D:\Zoyee\ZoyeePro\ZoyeePro1.0\MySelect\obj\Debug\BetterSelect\link-cvtres.read.1.tlog
D:\Zoyee\ZoyeePro\ZoyeePro1.0\MySelect\obj\Debug\BetterSelect\link-cvtres.write.1.tlog
D:\Zoyee\ZoyeePro\ZoyeePro1.0\MySelect\obj\Debug\BetterSelect\mt.command.1.tlog
D:\Zoyee\ZoyeePro\ZoyeePro1.0\MySelect\obj\Debug\BetterSelect\mt.read.1.tlog
D:\Zoyee\ZoyeePro\ZoyeePro1.0\MySelect\obj\Debug\BetterSelect\mt.write.1.tlog
D:\Zoyee\ZoyeePro\ZoyeePro1.0\MySelect\obj\Debug\BetterSelect\rc.command.1.tlog
D:\Zoyee\ZoyeePro\ZoyeePro1.0\MySelect\obj\Debug\BetterSelect\rc.read.1.tlog
D:\Zoyee\ZoyeePro\ZoyeePro1.0\MySelect\obj\Debug\BetterSelect\rc.write.1.tlog
D:\ZOYEE\ZOYEEPRO\ZOYEEPRO1.0\MYSELECT\OBJ\DEBUG\BETTERSELECT\SELECTMODEL.OBJ
D:\ZOYEE\ZOYEEPRO\ZOYEEPRO1.0\MYSELECT\OBJ\DEBUG\BETTERSELECT\STDAFX.OBJ
D:\Zoyee\ZoyeePro\ZoyeePro1.0\MySelect\obj\Debug\BetterSelect\vc100.idb
D:\ZOYEE\ZOYEEPRO\ZOYEEPRO1.0\MYSELECT\OBJ\DEBUG\BETTERSELECT\VC100.PDB
D:\Zoyee\ZoyeePro\ZoyeePro1.0\MySelect\output\Debug\BetterSelect.exp
D:\Zoyee\ZoyeePro\ZoyeePro1.0\MySelect\output\Debug\BetterSelect.lib
