生成启动时间为 2016/2/1 15:47:24。
     1>项目“D:\Zoyee\ZoyeePro\ZoyeePro1.0\MySelect\BetterSelect\BetterSelect.vcxproj”在节点 2 上(build 个目标)。
     1>C:\Program Files (x86)\MSBuild\Microsoft.Cpp\v4.0\Microsoft.CppBuild.targets(298,5): warning MSB8004: Intermediate 目录未以斜杠结尾。此生成实例将添加斜杠，因为必须有这个斜杠才能正确计算 Intermediate 目录。
     1>InitializeBuildStatus:
         正在创建“..\obj\Debug\BetterSelect\BetterSelect.unsuccessfulbuild”，因为已指定“AlwaysCreate”。
       ClCompile:
         所有输出均为最新。
         D:\Program Files (x86)\Microsoft Visual Studio 10.0\VC\bin\CL.exe /c /ZI /nologo /W3 /WX- /Od /Oy- /D WIN32 /D _DEBUG /D _WINDOWS /D _USRDLL /D BETTERSELECT_EXPORTS /D _WINDLL /D _UNICODE /D UNICODE /Gm /EHsc /RTC1 /MDd /GS /fp:precise /Zc:wchar_t /Zc:forScope /Yu"StdAfx.h" /Fp"..\obj\Debug\BetterSelect\BetterSelect.pch" /Fo"..\obj\Debug\BetterSelect\\" /Fd"..\obj\Debug\BetterSelect\vc100.pdb" /Gd /TP /analyze- /errorReport:prompt BetterSelect.cpp SelectModel.cpp
         BetterSelect.cpp
         正在生成代码...
         正在编译...
         SelectModel.cpp
     1>d:\zoyee\zoyeepro\zoyeepro1.0\myselect\betterselect\selectmodel.cpp(120): warning C4018: “<”: 有符号/无符号不匹配
         正在生成代码...
         所有输出均为最新。
       Link:
         D:\Program Files (x86)\Microsoft Visual Studio 10.0\VC\bin\link.exe /ERRORREPORT:PROMPT /OUT:"../output/Debug/BetterSelect.dll" /INCREMENTAL /NOLOGO kernel32.lib user32.lib gdi32.lib winspool.lib comdlg32.lib advapi32.lib shell32.lib ole32.lib oleaut32.lib uuid.lib odbc32.lib odbccp32.lib /MANIFEST:NO /DEBUG /PDB:"D:\Zoyee\ZoyeePro\ZoyeePro1.0\MySelect\output\Debug\BetterSelect.pdb" /SUBSYSTEM:WINDOWS /TLBID:1 /DYNAMICBASE /NXCOMPAT /IMPLIB:"../output/Debug/BetterSelect.lib" /MACHINE:X86 /DLL ..\obj\Debug\BetterSelect\BetterSelect.obj
         ..\obj\Debug\BetterSelect\dllmain.obj
         ..\obj\Debug\BetterSelect\SelectModel.obj
         ..\obj\Debug\BetterSelect\stdafx.obj
         BetterSelect.vcxproj -> D:\Zoyee\ZoyeePro\ZoyeePro1.0\MySelect\BetterSelect\../output/Debug/BetterSelect.dll
       FinalizeBuildStatus:
         正在删除文件“..\obj\Debug\BetterSelect\BetterSelect.unsuccessfulbuild”。
         正在对“..\obj\Debug\BetterSelect\BetterSelect.lastbuildstate”执行 Touch 任务。
     1>已完成生成项目“D:\Zoyee\ZoyeePro\ZoyeePro1.0\MySelect\BetterSelect\BetterSelect.vcxproj”(build 个目标)的操作。

生成成功。

已用时间 00:00:01.07
